<?xml version="1.0" encoding="UTF-8"?>
<!-- Generated by org.testng.reporters.JUnitReportReporter -->
<testsuite hostname="ArunHP-MAF1EQ7N" failures="0" tests="4" name="com.testNg.testNgAnnotations" time="0.077" errors="0" timestamp="2021-12-04T21:25:43 CST" skipped="0">
  <testcase classname="com.testNg.testNgAnnotations" name="testcase4" time="0.019"/>
  <system-out/>
  <testcase classname="com.testNg.testNgAnnotations" name="testcase1" time="0.025"/>
  <system-out/>
  <testcase classname="com.testNg.testNgAnnotations" name="Testcase1" time="0.024"/>
  <system-out/>
  <testcase classname="com.testNg.testNgAnnotations" name="testcase2" time="0.009"/>
  <system-out/>
</testsuite> <!-- com.testNg.testNgAnnotations -->
